ninja: Entering directory `out.chrome.tz_v11.0.standard.armv7l'
[1/187] CXX obj/tizen_src/ewk/efl_integration/chromium-ewk/background_sync_controller_efl.o
[2/187] CXX obj/tizen_src/ewk/efl_integration/chromium-ewk/browsing_data_remover_efl.o
[3/187] CXX obj/tizen_src/ewk/efl_integration/chromium-ewk/authentication_challenge_popup.o
[4/187] CXX obj/tizen_src/ewk/efl_integration/chromium-ewk/javascript_dialog_manager_efl.o
[5/187] CXX obj/tizen_src/ewk/efl_integration/chromium-ewk/mime_override_manager_efl.o
[6/187] CXX obj/tizen_src/ewk/efl_integration/chromium-ewk/navigation_policy_handler_efl.o
[7/187] CXX obj/tizen_src/ewk/efl_integration/chromium-ewk/javascript_modal_dialog_efl.o
[8/187] CXX obj/tizen_src/ewk/efl_integration/chromium-ewk/navigation_throttle_efl.o
[9/187] CXX obj/tizen_src/ewk/efl_integration/chromium-ewk/proxying_url_loader_efl.o
[10/187] CXX obj/tizen_src/ewk/efl_integration/chromium-ewk/proxying_url_loader_factory_efl.o
[11/187] CXX obj/tizen_src/ewk/efl_integration/chromium-ewk/sound_effect_tizen.o
[12/187] CXX obj/tizen_src/ewk/efl_integration/chromium-ewk/special_storage_policy_efl.o
[13/187] CXX obj/tizen_src/ewk/efl_integration/chromium-ewk/ssl_host_state_delegate_efl.o
[14/187] CXX obj/tizen_src/ewk/efl_integration/chromium-ewk/policy_response_delegate_efl.o
[15/187] CXX obj/tizen_src/ewk/efl_integration/chromium-ewk/tizen_extensible_host.o
[16/187] CXX obj/tizen_src/ewk/efl_integration/chromium-ewk/browser_main_parts_efl.o
[17/187] CXX obj/tizen_src/ewk/efl_integration/chromium-ewk/command_line_efl.o
[18/187] CXX obj/tizen_src/ewk/efl_integration/chromium-ewk/browser_context_efl.o
[19/187] CXX obj/tizen_src/ewk/efl_integration/chromium-ewk/content_main_delegate_efl.o
[20/187] CXX obj/tizen_src/ewk/efl_integration/chromium-ewk/content_browser_client_efl.o
[21/187] CXX obj/tizen_src/ewk/efl_integration/chromium-ewk/cookie_manager.o
[22/187] CXX obj/tizen_src/ewk/efl_integration/chromium-ewk/context_menu_controller_efl.o
[23/187] CXX obj/tizen_src/ewk/efl_integration/chromium-ewk/devtools_manager_delegate_efl.o
[24/187] CXX obj/tizen_src/ewk/efl_integration/chromium-ewk/devtools_delegate_efl.o
[25/187] CXX obj/tizen_src/ewk/efl_integration/chromium-ewk/efl_webprocess_main.o
[26/187] CXX obj/tizen_src/ewk/efl_integration/chromium-ewk/eweb_context.o
[27/187] CXX obj/tizen_src/ewk/efl_integration/chromium-ewk/download_manager_delegate_efl.o
[28/187] CXX obj/tizen_src/ewk/efl_integration/chromium-ewk/eweb_view.o
[29/187] CXX obj/tizen_src/ewk/efl_integration/chromium-ewk/file_chooser_controller_efl.o
[30/187] CXX obj/tizen_src/ewk/efl_integration/chromium-ewk/ewk_global_data.o
[31/187] CXX obj/tizen_src/ewk/efl_integration/chromium-ewk/geolocation_permission_popup.o
[32/187] CXX obj/tizen_src/ewk/efl_integration/chromium-ewk/focus_client_efl.o
[33/187] CXX obj/tizen_src/ewk/efl_integration/chromium-ewk/http_user_agent_settings_efl.o
[34/187] CXX obj/tizen_src/ewk/efl_integration/chromium-ewk/network_delegate_efl.o
[35/187] CXX obj/tizen_src/ewk/efl_integration/chromium-ewk/notification_permission_popup.o
[36/187] CXX obj/tizen_src/ewk/efl_integration/chromium-ewk/login_delegate_efl.o
[37/187] CXX obj/tizen_src/ewk/efl_integration/chromium-ewk/permission_controller_delegate_efl.o
[38/187] CXX obj/tizen_src/ewk/efl_integration/chromium-ewk/popup_controller_efl.o
[39/187] CXX obj/tizen_src/ewk/efl_integration/chromium-ewk/shared_url_loader_factory_efl.o
[40/187] CXX obj/tizen_src/ewk/efl_integration/chromium-ewk/text_encoding_map_efl.o
[41/187] CXX obj/tizen_src/ewk/efl_integration/chromium-ewk/url_request_context_getter_efl.o
[42/187] CXX obj/tizen_src/ewk/efl_integration/chromium-ewk/scroll_detector.o
[43/187] CXX obj/tizen_src/ewk/efl_integration/chromium-ewk/url_request_job_efl.o
[44/187] CXX obj/tizen_src/ewk/efl_integration/chromium-ewk/url_request_interceptor_efl.o
[45/187] CXX obj/tizen_src/ewk/efl_integration/chromium-ewk/usermedia_permission_popup.o
[46/187] CXX obj/tizen_src/ewk/efl_integration/chromium-ewk/web_contents_view_delegate_efl.o
[47/187] CXX obj/tizen_src/ewk/efl_integration/chromium-ewk/web_contents_delegate_efl.o
[48/187] CXX obj/tizen_src/ewk/efl_integration/chromium-ewk/window_parenting_client_efl.o
[49/187] CXX obj/tizen_src/ewk/efl_integration/chromium-ewk/autocomplete_history_manager_factory.o
[50/187] CXX obj/tizen_src/ewk/efl_integration/chromium-ewk/favicon_commands.o
[51/187] CXX obj/tizen_src/ewk/efl_integration/chromium-ewk/favicon_database.o
[52/187] CXX obj/tizen_src/ewk/efl_integration/chromium-ewk/favicon_database_p.o
[53/187] CXX obj/tizen_src/ewk/efl_integration/chromium-ewk/favicon_downloader.o
[54/187] CXX obj/tizen_src/ewk/efl_integration/chromium-ewk/webview_delegate_efl.o
[55/187] CXX obj/tizen_src/ewk/efl_integration/chromium-ewk/location_provider_efl.o
[56/187] CXX obj/tizen_src/ewk/efl_integration/chromium-ewk/geolocation_permission_context_efl.o
[57/187] CXX obj/tizen_src/ewk/efl_integration/chromium-ewk/color_chooser_efl.o
[58/187] CXX obj/tizen_src/ewk/efl_integration/chromium-ewk/gin_native_bound_object.o
[59/187] CXX obj/tizen_src/ewk/efl_integration/chromium-ewk/input_picker.o
[60/187] CXX obj/tizen_src/ewk/efl_integration/chromium-ewk/browser_url_loader_throttle_efl.o
[61/187] CXX obj/tizen_src/ewk/efl_integration/chromium-ewk/gin_native_bridge_dispatcher_host.o
[62/187] CXX obj/tizen_src/ewk/efl_integration/chromium-ewk/notification_helper.o
[63/187] CXX obj/tizen_src/ewk/efl_integration/chromium-ewk/password_helper_efl.o
[64/187] CXX obj/tizen_src/ewk/efl_integration/chromium-ewk/notification_controller_efl.o
[65/187] CXX obj/tizen_src/ewk/efl_integration/chromium-ewk/password_store_factory.o
[66/187] CXX obj/tizen_src/ewk/efl_integration/chromium-ewk/password_manager_client_efl.o
[67/187] CXX obj/tizen_src/ewk/efl_integration/chromium-ewk/select_picker_mobile.o
[68/187] CXX obj/tizen_src/ewk/efl_integration/chromium-ewk/vibration_provider_client.o
[69/187] CXX obj/tizen_src/ewk/efl_integration/chromium-ewk/select_picker_tv.o
[70/187] CXX obj/tizen_src/ewk/efl_integration/chromium-ewk/web_cache_manager_efl.o
[71/187] CXX obj/tizen_src/ewk/efl_integration/chromium-ewk/web_data_service.o
[72/187] CXX obj/tizen_src/ewk/efl_integration/chromium-ewk/xwalk_extension_browser_efl.o
[73/187] CXX obj/tizen_src/ewk/efl_integration/chromium-ewk/content_client_efl.o
[74/187] CXX obj/tizen_src/ewk/efl_integration/chromium-ewk/content_switches_efl.o
[75/187] CXX obj/tizen_src/ewk/efl_integration/chromium-ewk/gin_native_bridge_errors.o
[76/187] CXX obj/tizen_src/ewk/efl_integration/chromium-ewk/gin_native_bridge_value.o
[77/187] CXX obj/tizen_src/ewk/efl_integration/chromium-ewk/navigation_policy_params.o
[78/187] CXX obj/tizen_src/ewk/efl_integration/chromium-ewk/navigation_policy_params_mojom_traits.o
[79/187] CXX obj/tizen_src/ewk/efl_integration/chromium-ewk/print_pages_params.o
[80/187] CXX obj/tizen_src/ewk/efl_integration/chromium-ewk/skia_bitmap_utils.o
[81/187] CXX obj/tizen_src/ewk/efl_integration/chromium-ewk/version_info.o
[82/187] CXX obj/tizen_src/ewk/efl_integration/chromium-ewk/web_data_service_factory.o
[83/187] CXX obj/tizen_src/ewk/efl_integration/chromium-ewk/web_contents_utils.o
[84/187] CXX obj/tizen_src/ewk/efl_integration/chromium-ewk/ewk_autofill_profile_private.o
[85/187] CXX obj/tizen_src/ewk/efl_integration/chromium-ewk/ewk_back_forward_list_private.o
[86/187] CXX obj/tizen_src/ewk/efl_integration/chromium-ewk/ewk_certificate_private.o
[87/187] CXX obj/tizen_src/ewk/efl_integration/chromium-ewk/ewk_app_control_private.o
[88/187] CXX obj/tizen_src/ewk/efl_integration/chromium-ewk/ewk_context_private.o
[89/187] CXX obj/tizen_src/ewk/efl_integration/chromium-ewk/ewk_error_private.o
[90/187] CXX obj/tizen_src/ewk/efl_integration/chromium-ewk/ewk_file_chooser_request_private.o
[91/187] CXX obj/tizen_src/ewk/efl_integration/chromium-ewk/ewk_frame_private.o
[92/187] CXX obj/tizen_src/ewk/efl_integration/chromium-ewk/ewk_context_form_autofill_profile_private.o
[93/187] CXX obj/tizen_src/ewk/efl_integration/chromium-ewk/ewk_geolocation_private.o
[94/187] CXX obj/tizen_src/ewk/efl_integration/chromium-ewk/ewk_history_private.o
[95/187] CXX obj/tizen_src/ewk/efl_integration/chromium-ewk/ewk_hit_test_private.o
[96/187] CXX obj/tizen_src/ewk/efl_integration/chromium-ewk/ewk_main_private.o
[97/187] CXX obj/tizen_src/ewk/efl_integration/chromium-ewk/ewk_manifest_private.o
[98/187] CXX obj/tizen_src/ewk/efl_integration/chromium-ewk/ewk_notification_private.o
[99/187] CXX obj/tizen_src/ewk/efl_integration/chromium-ewk/ewk_intercept_request_private.o
[100/187] CXX obj/tizen_src/ewk/efl_integration/chromium-ewk/ewk_quota_permission_request_private.o
[101/187] CXX obj/tizen_src/ewk/efl_integration/chromium-ewk/ewk_security_origin_private.o
[102/187] CXX obj/tizen_src/ewk/efl_integration/chromium-ewk/ewk_policy_decision_private.o
[103/187] CXX obj/tizen_src/ewk/efl_integration/chromium-ewk/ewk_suspendable_object.o
[104/187] CXX obj/tizen_src/ewk/efl_integration/chromium-ewk/ewk_tracing_private.o
[105/187] CXX obj/tizen_src/ewk/efl_integration/chromium-ewk/ewk_settings_private.o
[106/187] CXX obj/tizen_src/ewk/efl_integration/chromium-ewk/ewk_user_media_private.o
[107/187] CXX obj/tizen_src/ewk/efl_integration/chromium-ewk/ewk_web_application_icon_data_private.o
[108/187] CXX obj/tizen_src/ewk/efl_integration/chromium-ewk/ewk_wrt_private.o
[109/187] CXX obj/tizen_src/ewk/efl_integration/chromium-ewk/ewk_view_private.o
[110/187] CXX obj/tizen_src/ewk/efl_integration/chromium-ewk/ewk_application_cache_manager.o
[111/187] CXX obj/tizen_src/ewk/efl_integration/chromium-ewk/ewk_auth_challenge.o
[112/187] CXX obj/tizen_src/ewk/efl_integration/chromium-ewk/ewk_auth_request.o
[113/187] CXX obj/tizen_src/ewk/efl_integration/chromium-ewk/ewk_autofill_credit_card.o
[114/187] CXX obj/tizen_src/ewk/efl_integration/chromium-ewk/ewk_autofill_profile.o
[115/187] CXX obj/tizen_src/ewk/efl_integration/chromium-ewk/ewk_back_forward_list.o
[116/187] CXX obj/tizen_src/ewk/efl_integration/chromium-ewk/ewk_back_forward_list_item.o
[117/187] CXX obj/tizen_src/ewk/efl_integration/chromium-ewk/ewk_certificate.o
[118/187] CXX obj/tizen_src/ewk/efl_integration/chromium-ewk/ewk_chromium.o
[119/187] CXX obj/tizen_src/ewk/efl_integration/chromium-ewk/ewk_console_message.o
[120/187] CXX obj/tizen_src/ewk/efl_integration/chromium-ewk/ewk_content_screening_detection.o
[121/187] CXX obj/tizen_src/ewk/efl_integration/chromium-ewk/webview_delegate_ewk.o
[122/187] CXX obj/tizen_src/ewk/efl_integration/chromium-ewk/ewk_context.o
[123/187] CXX obj/tizen_src/ewk/efl_integration/chromium-ewk/ewk_context_menu.o
[124/187] CXX obj/tizen_src/ewk/efl_integration/chromium-ewk/ewk_cookie_parser.o
[125/187] CXX obj/tizen_src/ewk/efl_integration/chromium-ewk/ewk_custom_handlers.o
[126/187] CXX obj/tizen_src/ewk/efl_integration/chromium-ewk/ewk_dispatcher.o
[127/187] CXX obj/tizen_src/ewk/efl_integration/chromium-ewk/ewk_error.o
[128/187] CXX obj/tizen_src/ewk/efl_integration/chromium-ewk/ewk_cookie_manager.o
[129/187] CXX obj/tizen_src/ewk/efl_integration/chromium-ewk/ewk_file_chooser_request.o
[130/187] CXX obj/tizen_src/ewk/efl_integration/chromium-ewk/ewk_form_repost_decision.o
[131/187] CXX obj/tizen_src/ewk/efl_integration/chromium-ewk/ewk_frame.o
[132/187] CXX obj/tizen_src/ewk/efl_integration/chromium-ewk/ewk_geolocation.o
[133/187] CXX obj/tizen_src/ewk/efl_integration/chromium-ewk/ewk_highcontrast.o
[134/187] CXX obj/tizen_src/ewk/efl_integration/chromium-ewk/ewk_favicon_database.o
[135/187] CXX obj/tizen_src/ewk/efl_integration/chromium-ewk/ewk_history.o
[136/187] CXX obj/tizen_src/ewk/efl_integration/chromium-ewk/ewk_intercept_request.o
[137/187] CXX obj/tizen_src/ewk/efl_integration/chromium-ewk/ewk_ipc_message.o
[138/187] CXX obj/tizen_src/ewk/efl_integration/chromium-ewk/ewk_main.o
[139/187] CXX obj/tizen_src/ewk/efl_integration/chromium-ewk/ewk_manifest.o
[140/187] CXX obj/tizen_src/ewk/efl_integration/chromium-ewk/ewk_media_playback_info.o
[141/187] CXX obj/tizen_src/ewk/efl_integration/chromium-ewk/ewk_media_subtitle_info.o
[142/187] CXX obj/tizen_src/ewk/efl_integration/chromium-ewk/ewk_hit_test.o
[143/187] CXX obj/tizen_src/ewk/efl_integration/chromium-ewk/ewk_object.o
[144/187] CXX obj/tizen_src/ewk/efl_integration/chromium-ewk/ewk_page_group.o
[145/187] CXX obj/tizen_src/ewk/efl_integration/chromium-ewk/ewk_notification.o
[146/187] CXX obj/tizen_src/ewk/efl_integration/chromium-ewk/ewk_popup_menu_item.o
[147/187] CXX obj/tizen_src/ewk/efl_integration/chromium-ewk/ewk_policy_decision.o
[148/187] CXX obj/tizen_src/ewk/efl_integration/chromium-ewk/ewk_quota_permission_request.o
[149/187] CXX obj/tizen_src/ewk/efl_integration/chromium-ewk/ewk_security_origin.o
[150/187] CXX obj/tizen_src/ewk/efl_integration/chromium-ewk/ewk_storage_manager.o
[151/187] CXX obj/tizen_src/ewk/efl_integration/chromium-ewk/ewk_text_style.o
[152/187] CXX obj/tizen_src/ewk/efl_integration/chromium-ewk/ewk_tracing.o
[153/187] CXX obj/tizen_src/ewk/efl_integration/chromium-ewk/ewk_settings.o
[154/187] CXX obj/tizen_src/ewk/efl_integration/chromium-ewk/ewk_user_media.o
[155/187] CXX obj/tizen_src/ewk/efl_integration/chromium-ewk/ewk_web_application_icon_data.o
[156/187] CXX obj/tizen_src/ewk/efl_integration/chromium-ewk/ewk_view.o
[157/187] CXX obj/tizen_src/ewk/efl_integration/chromium-ewk/ewk_window_features.o
[158/187] CXX obj/tizen_src/ewk/efl_integration/chromium-ewk/content_settings_client_efl.o
[159/187] CXX obj/tizen_src/ewk/efl_integration/chromium-ewk/content_renderer_client_efl.o
[160/187] CXX obj/tizen_src/ewk/efl_integration/chromium-ewk/gin_native_bridge_dispatcher.o
[161/187] CXX obj/tizen_src/ewk/efl_integration/chromium-ewk/gin_native_bridge_value_converter.o
[162/187] CXX obj/tizen_src/ewk/efl_integration/chromium-ewk/gin_native_bridge_object.o
[163/187] CXX obj/tizen_src/ewk/efl_integration/chromium-ewk/gin_native_function_invocation_helper.o
[164/187] CXX obj/tizen_src/ewk/efl_integration/chromium-ewk/hole_layer.o
[165/187] CXX obj/tizen_src/ewk/efl_integration/chromium-ewk/plugin_placeholder_avplayer.o
[166/187] CXX obj/tizen_src/ewk/efl_integration/chromium-ewk/plugin_placeholder_efl.o
[167/187] CXX obj/tizen_src/ewk/efl_integration/chromium-ewk/print_web_view_helper_efl.o
[168/187] CXX obj/tizen_src/ewk/efl_integration/chromium-ewk/plugin_placeholder_hole.o
[169/187] CXX obj/tizen_src/ewk/efl_integration/chromium-ewk/render_frame_observer_efl.o
[170/187] CXX obj/tizen_src/ewk/efl_integration/chromium-ewk/render_thread_observer_efl.o
[171/187] CXX obj/tizen_src/ewk/efl_integration/chromium-ewk/tizen_extensible.o
[172/187] CXX obj/tizen_src/ewk/efl_integration/chromium-ewk/web_view_observer_efl.o
[173/187] CXX obj/tizen_src/ewk/efl_integration/chromium-ewk/dynamicplugin.o
[174/187] CXX obj/tizen_src/ewk/efl_integration/chromium-ewk/v8widget.o
[175/187] CXX obj/tizen_src/ewk/efl_integration/chromium-ewk/wrt_dynamicplugin.o
[176/187] CXX obj/tizen_src/ewk/efl_integration/chromium-ewk/wrt_widget_host.o
[177/187] CXX obj/tizen_src/ewk/efl_integration/chromium-ewk/wrtwidget.o
[178/187] CXX obj/tizen_src/ewk/efl_integration/chromium-ewk/eweb_accessibility.o
[179/187] CXX obj/tizen_src/ewk/efl_integration/chromium-ewk/web_contents_observer_efl.o
[180/187] CXX obj/tizen_src/ewk/efl_integration/chromium-ewk/eweb_accessibility_object.o
[181/187] CXX obj/tizen_src/ewk/efl_integration/chromium-ewk/eweb_accessibility_util.o
[182/187] CXX obj/tizen_src/ewk/efl_integration/chromium-ewk/personal_data_manager_factory.o
[183/187] CXX obj/tizen_src/ewk/efl_integration/chromium-ewk/autofill_client_efl.o
[184/187] CXX obj/tizen_src/ewk/efl_integration/chromium-ewk/application_type.o
[185/187] CXX obj/tizen_src/ewk/efl_integration/chromium-ewk/proxy_config_monitor.o
[186/187] CXX obj/tizen_src/ewk/efl_integration/chromium-ewk/autofill_popup_view_efl.o
[187/187] SOLINK ./libchromium-impl.so
